<?xml version="1.0" encoding="UTF-8"?><testsuite errors="0" failures="1" name="To test the Search Loan API features" skipped="0" tests="1" time="14.85" timestamp="2020-09-25 12:33:17"><testcase name="To verify the admin is able create new loan"><failure message="expected:&lt;500&gt; but was:&lt;200&gt;" type="java.lang.AssertionError">expected:&lt;500&gt; but was:&lt;200&gt;</failure><system-err>expected:&lt;500&gt; but was:&lt;200&gt;&#13;
api.apis.SearchLoanAPI.verifyLoanResponse(SearchLoanAPI.java:57)&#13;
api.features.steps.SearchLoanSteps.verify_user_sucessfully_Search_Loan(SearchLoanSteps.java:15)&#13;
io.cucumber.java.Invoker.invoke(Invoker.java:27)&#13;
io.cucumber.java.JavaStepDefinition.execute(JavaStepDefinition.java:27)&#13;
io.cucumber.core.runner.PickleStepDefinitionMatch.runStep(PickleStepDefinitionMatch.java:63)&#13;
io.cucumber.core.runner.TestStep.executeStep(TestStep.java:64)&#13;
io.cucumber.core.runner.TestStep.run(TestStep.java:49)&#13;
io.cucumber.core.runner.PickleStepTestStep.run(PickleStepTestStep.java:46)&#13;
io.cucumber.core.runner.TestCase.run(TestCase.java:51)&#13;
io.cucumber.core.runner.Runner.runPickle(Runner.java:66)&#13;
io.cucumber.junit.FeatureRunner.runChild(FeatureRunner.java:83)&#13;
io.cucumber.junit.FeatureRunner.runChild(FeatureRunner.java:24)&#13;
io.cucumber.junit.CucumberSerenityRunner.runChild(CucumberSerenityRunner.java:227)&#13;
io.cucumber.junit.CucumberSerenityRunner.runChild(CucumberSerenityRunner.java:54)&#13;
org.eclipse.jdt.internal.junit4.runner.JUnit4TestReference.run(JUnit4TestReference.java:89)&#13;
org.eclipse.jdt.internal.junit.runner.TestExecution.run(TestExecution.java:41)&#13;
org.eclipse.jdt.internal.junit.runner.RemoteTestRunner.runTests(RemoteTestRunner.java:542)&#13;
org.eclipse.jdt.internal.junit.runner.RemoteTestRunner.runTests(RemoteTestRunner.java:770)&#13;
org.eclipse.jdt.internal.junit.runner.RemoteTestRunner.run(RemoteTestRunner.java:464)&#13;
org.eclipse.jdt.internal.junit.runner.RemoteTestRunner.main(RemoteTestRunner.java:210)&#13;
</system-err></testcase></testsuite>